[    0.000000] Linux version 4.15.0-188-generic (buildd@lcy02-amd64-058) (gcc version 7.5.0 (Ubuntu 7.5.0-3ubuntu1~18.04)) #199-Ubuntu SMP Wed Jun 15 20:42:56 UTC 2022 (Ubuntu 4.15.0-188.199-generic 4.15.18)
[    0.000000] Command line: BOOT_IMAGE=/boot/vmlinuz-4.15.0-188-generic root=LABEL=cloudimg-rootfs ro console=tty1 console=ttyS0
[    0.000000] KERNEL supported cpus:
[    0.000000]   Intel GenuineIntel
[    0.000000]   AMD AuthenticAMD
[    0.000000]   Centaur CentaurHauls
[    0.000000] x86/fpu: Supporting XSAVE feature 0x001: 'x87 floating point registers'
[    0.000000] x86/fpu: Supporting XSAVE feature 0x002: 'SSE registers'
[    0.000000] x86/fpu: Supporting XSAVE feature 0x004: 'AVX registers'
[    0.000000] x86/fpu: xstate_offset[2]:  576, xstate_sizes[2]:  256
[    0.000000] x86/fpu: Enabled xstate features 0x7, context size is 832 bytes, using 'standard' format.
[    0.000000] e820: BIOS-provided physical RAM map:
[    0.000000] BIOS-e820: [mem 0x0000000000000000-0x000000000009fbff] usable
[    0.000000] BIOS-e820: [mem 0x000000000009fc00-0x000000000009ffff] reserved
[    0.000000] BIOS-e820: [mem 0x00000000000f0000-0x00000000000fffff] reserved
[    0.000000] BIOS-e820: [mem 0x0000000000100000-0x000000003ffeffff] usable
[    0.000000] BIOS-e820: [mem 0x000000003fff0000-0x000000003fffffff] ACPI data
[    0.000000] BIOS-e820: [mem 0x00000000fec00000-0x00000000fec00fff] reserved
[    0.000000] BIOS-e820: [mem 0x00000000fee00000-0x00000000fee00fff] reserved
[    0.000000] BIOS-e820: [mem 0x00000000fffc0000-0x00000000ffffffff] reserved
[    0.000000] NX (Execute Disable) protection: active
[    0.000000] SMBIOS 2.5 present.
[    0.000000] DMI: innotek GmbH VirtualBox/VirtualBox, BIOS VirtualBox 12/01/2006
[    0.000000] Hypervisor detected: KVM
[    0.000000] e820: last_pfn = 0x3fff0 max_arch_pfn = 0x400000000
[    0.000000] MTRR: Disabled
[    0.000000] x86/PAT: MTRRs disabled, skipping PAT initialization too.
[    0.000000] CPU MTRRs all blank - virtualized system.
[    0.000000] x86/PAT: Configuration [0-7]: WB  WT  UC- UC  WB  WT  UC- UC  
[    0.000000] found SMP MP-table at [mem 0x0009fff0-0x0009ffff]
[    0.000000] Scanning 1 areas for low memory corruption
[    0.000000] RAMDISK: [mem 0x359c7000-0x36cdafff]
[    0.000000] ACPI: Early table checksum verification disabled
[    0.000000] ACPI: RSDP 0x00000000000E0000 000024 (v02 VBOX  )
[    0.000000] ACPI: XSDT 0x000000003FFF0030 00003C (v01 VBOX   VBOXXSDT 00000001 ASL  00000061)
[    0.000000] ACPI: FACP 0x000000003FFF00F0 0000F4 (v04 VBOX   VBOXFACP 00000001 ASL  00000061)
[    0.000000] ACPI: DSDT 0x000000003FFF0470 002325 (v02 VBOX   VBOXBIOS 00000002 INTL 20200925)
[    0.000000] ACPI: FACS 0x000000003FFF0200 000040
[    0.000000] ACPI: FACS 0x000000003FFF0200 000040
[    0.000000] ACPI: APIC 0x000000003FFF0240 00005C (v02 VBOX   VBOXAPIC 00000001 ASL  00000061)
[    0.000000] ACPI: SSDT 0x000000003FFF02A0 0001CC (v01 VBOX   VBOXCPUT 00000002 INTL 20200925)
[    0.000000] ACPI: Reserving FACP table memory at [mem 0x3fff00f0-0x3fff01e3]
[    0.000000] ACPI: Reserving DSDT table memory at [mem 0x3fff0470-0x3fff2794]
[    0.000000] ACPI: Reserving FACS table memory at [mem 0x3fff0200-0x3fff023f]
[    0.000000] ACPI: Reserving FACS table memory at [mem 0x3fff0200-0x3fff023f]
[    0.000000] ACPI: Reserving APIC table memory at [mem 0x3fff0240-0x3fff029b]
[    0.000000] ACPI: Reserving SSDT table memory at [mem 0x3fff02a0-0x3fff046b]
[    0.000000] No NUMA configuration found
[    0.000000] Faking a node at [mem 0x0000000000000000-0x000000003ffeffff]
[    0.000000] NODE_DATA(0) allocated [mem 0x3ffc5000-0x3ffeffff]
[    0.000000] kvm-clock: cpu 0, msr 0:3ff44001, primary cpu clock
[    0.000000] kvm-clock: Using msrs 4b564d01 and 4b564d00
[    0.000000] kvm-clock: using sched offset of 3016765612 cycles
[    0.000000] clocksource: kvm-clock: mask: 0xffffffffffffffff max_cycles: 0x1cd42e4dffb, max_idle_ns: 881590591483 ns
[    0.000000] Zone ranges:
[    0.000000]   DMA      [mem 0x0000000000001000-0x0000000000ffffff]
[    0.000000]   DMA32    [mem 0x0000000001000000-0x000000003ffeffff]
[    0.000000]   Normal   empty
[    0.000000]   Device   empty
[    0.000000] Movable zone start for each node
[    0.000000] Early memory node ranges
[    0.000000]   node   0: [mem 0x0000000000001000-0x000000000009efff]
[    0.000000]   node   0: [mem 0x0000000000100000-0x000000003ffeffff]
[    0.000000] Reserved but unavailable: 104 pages
[    0.000000] Initmem setup node 0 [mem 0x0000000000001000-0x000000003ffeffff]
[    0.000000] ACPI: PM-Timer IO Port: 0x4008
[    0.000000] IOAPIC[0]: apic_id 2, version 32, address 0xfec00000, GSI 0-23
[    0.000000] ACPI: INT_SRC_OVR (bus 0 bus_irq 0 global_irq 2 dfl dfl)
[    0.000000] ACPI: INT_SRC_OVR (bus 0 bus_irq 9 global_irq 9 low level)
[    0.000000] Using ACPI (MADT) for SMP configuration information
[    0.000000] smpboot: Allowing 2 CPUs, 0 hotplug CPUs
[    0.000000] PM: Registered nosave memory: [mem 0x00000000-0x00000fff]
[    0.000000] PM: Registered nosave memory: [mem 0x0009f000-0x0009ffff]
[    0.000000] PM: Registered nosave memory: [mem 0x000a0000-0x000effff]
[    0.000000] PM: Registered nosave memory: [mem 0x000f0000-0x000fffff]
[    0.000000] e820: [mem 0x40000000-0xfebfffff] available for PCI devices
[    0.000000] Booting paravirtualized kernel on KVM
[    0.000000] clocksource: refined-jiffies: mask: 0xffffffff max_cycles: 0xffffffff, max_idle_ns: 7645519600211568 ns
[    0.000000] random: get_random_bytes called from start_kernel+0x99/0x500 with crng_init=0
[    0.000000] setup_percpu: NR_CPUS:8192 nr_cpumask_bits:2 nr_cpu_ids:2 nr_node_ids:1
[    0.000000] percpu: Embedded 50 pages/cpu s167936 r8192 d28672 u1048576
[    0.000000] PV qspinlock hash table entries: 256 (order: 0, 4096 bytes)
[    0.000000] Built 1 zonelists, mobility grouping on.  Total pages: 257913
[    0.000000] Policy zone: DMA32
[    0.000000] Kernel command line: BOOT_IMAGE=/boot/vmlinuz-4.15.0-188-generic root=LABEL=cloudimg-rootfs ro console=tty1 console=ttyS0
[    0.000000] Memory: 982640K/1048120K available (12300K kernel code, 2484K rwdata, 4324K rodata, 2468K init, 2724K bss, 65480K reserved, 0K cma-reserved)
[    0.000000] SLUB: HWalign=64, Order=0-3, MinObjects=0, CPUs=2, Nodes=1
[    0.000000] Kernel/User page tables isolation: enabled
[    0.000000] ftrace: allocating 39513 entries in 155 pages
[    0.004000] Hierarchical RCU implementation.
[    0.004000] 	RCU restricting CPUs from NR_CPUS=8192 to nr_cpu_ids=2.
[    0.004000] 	Tasks RCU enabled.
[    0.004000] RCU: Adjusting geometry for rcu_fanout_leaf=16, nr_cpu_ids=2
[    0.004000] NR_IRQS: 524544, nr_irqs: 440, preallocated irqs: 16
[    0.004000] Console: colour VGA+ 80x25
[    0.004000] console [tty1] enabled
[    0.004000] console [ttyS0] enabled
[    0.004000] ACPI: Core revision 20170831
[    0.004000] ACPI: 2 ACPI AML tables successfully acquired and loaded
[    0.004000] APIC: Switch to symmetric I/O mode setup
[    0.004000] x2apic enabled
[    0.004000] Switched APIC routing to physical x2apic.
[    0.004000] ..TIMER: vector=0x30 apic1=0 pin1=2 apic2=-1 pin2=-1
[    0.004000] tsc: Detected 2803.198 MHz processor
[    0.004000] Calibrating delay loop (skipped) preset value.. 5606.39 BogoMIPS (lpj=11212792)
[    0.004002] pid_max: default: 32768 minimum: 301
[    0.004500] Security Framework initialized
[    0.004919] Yama: becoming mindful.
[    0.005296] AppArmor: AppArmor initialized
[    0.006238] Dentry cache hash table entries: 131072 (order: 8, 1048576 bytes)
[    0.006988] Inode-cache hash table entries: 65536 (order: 7, 524288 bytes)
[    0.007643] Mount-cache hash table entries: 2048 (order: 2, 16384 bytes)
[    0.008005] Mountpoint-cache hash table entries: 2048 (order: 2, 16384 bytes)
[    0.008892] Last level iTLB entries: 4KB 0, 2MB 0, 4MB 0
[    0.009452] Last level dTLB entries: 4KB 0, 2MB 0, 4MB 0, 1GB 0
[    0.010020] Spectre V1 : Mitigation: usercopy/swapgs barriers and __user pointer sanitization
[    0.010840] Spectre V2 : Mitigation: Retpolines
[    0.011289] Spectre V2 : Spectre v2 / SpectreRSB mitigation: Filling RSB on context switch
[    0.012001] Speculative Store Bypass: Vulnerable
[    0.012509] MDS: Mitigation: Clear CPU buffers
[    0.013088] Freeing SMP alternatives memory: 36K
[    0.124305] smpboot: CPU0: 11th Gen Intel(R) Core(TM) i7-1165G7 @ 2.80GHz (family: 0x6, model: 0x8c, stepping: 0x1)
[    0.125769] Performance Events: unsupported p6 CPU model 140 no PMU driver, software events only.
[    0.126717] Hierarchical SRCU implementation.
[    0.127946] NMI watchdog: Perf event create on CPU 0 failed with -2
[    0.128002] NMI watchdog: Perf NMI watchdog permanently disabled
[    0.128642] smp: Bringing up secondary CPUs ...
[    0.129251] x86: Booting SMP configuration:
[    0.129687] .... node  #0, CPUs:      #1
[    0.004000] kvm-clock: cpu 1, msr 0:3ff44041, secondary cpu clock
[    0.132018] smp: Brought up 1 node, 2 CPUs
[    0.132460] smpboot: Max logical packages: 1
[    0.132891] smpboot: Total of 2 processors activated (11212.79 BogoMIPS)
[    0.133622] devtmpfs: initialized
[    0.133622] x86/mm: Memory block size: 128MB
[    0.133622] evm: security.selinux
[    0.136005] evm: security.SMACK64
[    0.136359] evm: security.SMACK64EXEC
[    0.136751] evm: security.SMACK64TRANSMUTE
[    0.137178] evm: security.SMACK64MMAP
[    0.137564] evm: security.apparmor
[    0.137923] evm: security.ima
[    0.138245] evm: security.capability
[    0.138652] clocksource: jiffies: mask: 0xffffffff max_cycles: 0xffffffff, max_idle_ns: 7645041785100000 ns
[    0.138652] futex hash table entries: 512 (order: 3, 32768 bytes)
[    0.140042] pinctrl core: initialized pinctrl subsystem
[    0.141172] RTC time:  4:51:41, date: 07/12/22
[    0.141817] NET: Registered protocol family 16
[    0.142370] audit: initializing netlink subsys (disabled)
[    0.142939] audit: type=2000 audit(1657601505.331:1): state=initialized audit_enabled=0 res=1
[    0.144007] cpuidle: using governor ladder
[    0.144487] cpuidle: using governor menu
[    0.144939] ACPI: bus type PCI registered
[    0.145374] acpiphp: ACPI Hot Plug PCI Controller Driver version: 0.5
[    0.146060] PCI: Using configuration type 1 for base access
[    0.146631] HugeTLB registered 2.00 MiB page size, pre-allocated 0 pages
[    0.148044] ACPI: Added _OSI(Module Device)
[    0.148479] ACPI: Added _OSI(Processor Device)
[    0.148947] ACPI: Added _OSI(3.0 _SCP Extensions)
[    0.149462] ACPI: Added _OSI(Processor Aggregator Device)
[    0.150021] ACPI: Added _OSI(Linux-Dell-Video)
[    0.150500] ACPI: Added _OSI(Linux-Lenovo-NV-HDMI-Audio)
[    0.151055] ACPI: Added _OSI(Linux-HPI-Hybrid-Graphics)
[    0.152182] ACPI: Executed 1 blocks of module-level executable AML code
[    0.154982] ACPI: Interpreter enabled
[    0.155394] ACPI: (supports S0 S5)
[    0.156002] ACPI: Using IOAPIC for interrupt routing
[    0.156754] PCI: Using host bridge windows from ACPI; if necessary, use "pci=nocrs" and report a bug
[    0.157856] ACPI: Enabled 2 GPEs in block 00 to 07
[    0.161309] ACPI: PCI Root Bridge [PCI0] (domain 0000 [bus 00-ff])
[    0.162076] acpi PNP0A03:00: _OSC: OS supports [ASPM ClockPM Segments MSI]
[    0.164295] acpi PNP0A03:00: _OSC: not requesting OS control; OS requires [ExtendedConfig ASPM ClockPM MSI]
[    0.165275] acpi PNP0A03:00: fail to add MMCONFIG information, can't access extended PCI configuration space under this bridge.
[    0.166580] PCI host bridge to bus 0000:00
[    0.167018] pci_bus 0000:00: root bus resource [io  0x0000-0x0cf7 window]
[    0.167670] pci_bus 0000:00: root bus resource [io  0x0d00-0xffff window]
[    0.168001] pci_bus 0000:00: root bus resource [mem 0x000a0000-0x000bffff window]
[    0.168801] pci_bus 0000:00: root bus resource [mem 0x40000000-0xfdffffff window]
[    0.170044] pci_bus 0000:00: root bus resource [bus 00-ff]
[    0.172030] pci 0000:00:01.1: legacy IDE quirk: reg 0x10: [io  0x01f0-0x01f7]
[    0.172740] pci 0000:00:01.1: legacy IDE quirk: reg 0x14: [io  0x03f6]
[    0.173386] pci 0000:00:01.1: legacy IDE quirk: reg 0x18: [io  0x0170-0x0177]
[    0.174069] pci 0000:00:01.1: legacy IDE quirk: reg 0x1c: [io  0x0376]
[    0.181451] pci 0000:00:07.0: quirk: [io  0x4000-0x403f] claimed by PIIX4 ACPI
[    0.182206] pci 0000:00:07.0: quirk: [io  0x4100-0x410f] claimed by PIIX4 SMB
[    0.185378] ACPI: PCI Interrupt Link [LNKA] (IRQs 5 9 10 *11)
[    0.186132] ACPI: PCI Interrupt Link [LNKB] (IRQs 5 9 *10 11)
[    0.186771] ACPI: PCI Interrupt Link [LNKC] (IRQs 5 *9 10 11)
[    0.187392] ACPI: PCI Interrupt Link [LNKD] (IRQs 5 9 10 *11)
[    0.188219] SCSI subsystem initialized
[    0.188663] pci 0000:00:02.0: vgaarb: setting as boot VGA device
[    0.188663] pci 0000:00:02.0: vgaarb: VGA device added: decodes=io+mem,owns=io+mem,locks=none
[    0.189464] pci 0000:00:02.0: vgaarb: bridge control possible
[    0.190046] vgaarb: loaded
[    0.190359] ACPI: bus type USB registered
[    0.190822] usbcore: registered new interface driver usbfs
[    0.192015] usbcore: registered new interface driver hub
[    0.192543] usbcore: registered new device driver usb
[    0.193088] EDAC MC: Ver: 3.0.0
[    0.193088] PCI: Using ACPI for IRQ routing
[    0.193088] NetLabel: Initializing
[    0.193088] NetLabel:  domain hash size = 128
[    0.193284] NetLabel:  protocols = UNLABELED CIPSOv4 CALIPSO
[    0.193782] NetLabel:  unlabeled traffic allowed by default
[    0.196045] clocksource: Switched to clocksource kvm-clock
[    0.203844] VFS: Disk quotas dquot_6.6.0
[    0.204299] VFS: Dquot-cache hash table entries: 512 (order 0, 4096 bytes)
[    0.204969] AppArmor: AppArmor Filesystem Enabled
[    0.205475] pnp: PnP ACPI init
[    0.206400] pnp: PnP ACPI: found 3 devices
[    0.213228] clocksource: acpi_pm: mask: 0xffffff max_cycles: 0xffffff, max_idle_ns: 2085701024 ns
[    0.214457] NET: Registered protocol family 2
[    0.214924] IP idents hash table entries: 16384 (order: 5, 131072 bytes)
[    0.216122] TCP established hash table entries: 8192 (order: 4, 65536 bytes)
[    0.216752] TCP bind hash table entries: 8192 (order: 5, 131072 bytes)
[    0.217344] TCP: Hash tables configured (established 8192 bind 8192)
[    0.217897] UDP hash table entries: 512 (order: 2, 16384 bytes)
[    0.218402] UDP-Lite hash table entries: 512 (order: 2, 16384 bytes)
[    0.218970] NET: Registered protocol family 1
[    0.219362] pci 0000:00:00.0: Limiting direct PCI/PCI transfers
[    0.219964] pci 0000:00:01.0: Activating ISA DMA hang workarounds
[    0.220639] pci 0000:00:02.0: Video device with shadowed ROM at [mem 0x000c0000-0x000dffff]
[    0.222347] Unpacking initramfs...
[    0.398149] Freeing initrd memory: 19536K
[    0.398626] clocksource: tsc: mask: 0xffffffffffffffff max_cycles: 0x28680e0a5c3, max_idle_ns: 440795346756 ns
[    0.399507] platform rtc_cmos: registered platform RTC device (no PNP device found)
[    0.400246] Scanning for low memory corruption every 60 seconds
[    0.401296] Initialise system trusted keyrings
[    0.401770] Key type blacklist registered
[    0.402253] workingset: timestamp_bits=36 max_order=18 bucket_order=0
[    0.403484] zbud: loaded
[    0.404183] squashfs: version 4.0 (2009/01/31) Phillip Lougher
[    0.404924] fuse init (API version 7.26)
[    0.406359] Key type asymmetric registered
[    0.406798] Asymmetric key parser 'x509' registered
[    0.407296] Block layer SCSI generic (bsg) driver version 0.4 loaded (major 246)
[    0.408035] io scheduler noop registered
[    0.408463] io scheduler deadline registered
[    0.408908] io scheduler cfq registered (default)
[    0.409598] ACPI: AC Adapter [AC] (off-line)
[    0.410093] input: Power Button as /devices/LNXSYSTM:00/LNXPWRBN:00/input/input0
[    0.410918] ACPI: Power Button [PWRF]
[    0.411353] input: Sleep Button as /devices/LNXSYSTM:00/LNXSLPBN:00/input/input1
[    0.412099] ACPI: Sleep Button [SLPF]
[    0.413053] ACPI: Battery Slot [BAT0] (battery present)
[    0.413743] Serial: 8250/16550 driver, 32 ports, IRQ sharing enabled
[    0.434890] 00:02: ttyS0 at I/O 0x3f8 (irq = 4, base_baud = 115200) is a 16550A
[    0.437244] Linux agpgart interface v0.103
[    0.438542] loop: module loaded
[    0.439203] scsi host0: ata_piix
[    0.439627] scsi host1: ata_piix
[    0.439991] ata1: PATA max UDMA/33 cmd 0x1f0 ctl 0x3f6 bmdma 0xd000 irq 14
[    0.440676] ata2: PATA max UDMA/33 cmd 0x170 ctl 0x376 bmdma 0xd008 irq 15
[    0.441414] tun: Universal TUN/TAP device driver, 1.6
[    0.442039] PPP generic driver version 2.4.2
[    0.442543] ehci_hcd: USB 2.0 'Enhanced' Host Controller (EHCI) Driver
[    0.443171] ehci-pci: EHCI PCI platform driver
[    0.443625] ehci-platform: EHCI generic platform driver
[    0.444161] ohci_hcd: USB 1.1 'Open' Host Controller (OHCI) Driver
[    0.444760] ohci-pci: OHCI PCI platform driver
[    0.445265] ohci-platform: OHCI generic platform driver
[    0.445811] uhci_hcd: USB Universal Host Controller Interface driver
[    0.446450] i8042: PNP: PS/2 Controller [PNP0303:PS2K,PNP0f03:PS2M] at 0x60,0x64 irq 1,12
[    0.447584] serio: i8042 KBD port at 0x60,0x64 irq 1
[    0.448142] serio: i8042 AUX port at 0x60,0x64 irq 12
[    0.448718] mousedev: PS/2 mouse device common for all mice
[    0.449541] input: AT Translated Set 2 keyboard as /devices/platform/i8042/serio0/input/input2
[    0.450461] rtc_cmos rtc_cmos: rtc core: registered rtc_cmos as rtc0
[    0.451064] rtc_cmos rtc_cmos: alarms up to one day, 114 bytes nvram
[    0.451614] i2c /dev entries driver
[    0.452002] device-mapper: uevent: version 1.0.3
[    0.452557] device-mapper: ioctl: 4.37.0-ioctl (2017-09-20) initialised: dm-devel@redhat.com
[    0.453411] ledtrig-cpu: registered to indicate activity on CPUs
[    0.454124] NET: Registered protocol family 10
[    0.456437] Segment Routing with IPv6
[    0.456819] NET: Registered protocol family 17
[    0.457275] Key type dns_resolver registered
[    0.457808] mce: Using 0 MCE banks
[    0.458171] RAS: Correctable Errors collector initialized.
[    0.458688] sched_clock: Marking stable (457789313, 0)->(541103169, -83313856)
[    0.459656] registered taskstats version 1
[    0.460053] Loading compiled-in X.509 certificates
[    0.461698] Loaded X.509 cert 'Build time autogenerated kernel key: b66dc1acf13a39763c2531b24acc94c778f61d5e'
[    0.462928] Loaded X.509 cert 'Canonical Ltd. Live Patch Signing: 14df34d1a87cf37625abec039ef2bf521249b969'
[    0.464155] Loaded X.509 cert 'Canonical Ltd. Kernel Module Signing: 88f752e560a1e0737e31163a466ad7b70a850c19'
[    0.465016] blacklist: Loading compiled-in revocation X.509 certificates
[    0.465613] Loaded X.509 cert 'Canonical Ltd. Secure Boot Signing: 61482aa2830d0ab2ad5af10b7250da9033ddcef0'
[    0.466553] zswap: loaded using pool lzo/zbud
[    0.468663] Key type big_key registered
[    0.469094] Key type trusted registered
[    0.470210] Key type encrypted registered
[    0.470607] AppArmor: AppArmor sha1 policy hashing enabled
[    0.471080] ima: No TPM chip found, activating TPM-bypass! (rc=-19)
[    0.471613] ima: Allocated hash algorithm: sha1
[    0.472020] evm: HMAC attrs: 0x1
[    0.472447]   Magic number: 14:667:868
[    0.472848] rtc_cmos rtc_cmos: setting system clock to 2022-07-12 04:51:41 UTC (1657601501)
[    0.473833] BIOS EDD facility v0.16 2004-Jun-25, 0 devices found
[    0.474356] EDD information not available.
[    0.627727] Freeing unused kernel image memory: 2468K
[    0.853528] Write protecting the kernel read-only data: 20480k
[    0.856668] Freeing unused kernel image memory: 2008K
[    0.858899] Freeing unused kernel image memory: 1820K
[    0.862468] x86/mm: Checked W+X mappings: passed, no W+X pages found.
[    0.863046] x86/mm: Checking user space page tables
[    0.866351] x86/mm: Checked W+X mappings: passed, no W+X pages found.
Loading, please wait...
starting version 237
[    0.904308] e1000: Intel(R) PRO/1000 Network Driver - version 7.3.21-k8-NAPI
[    0.905320] e1000: Copyright (c) 1999-2006 Intel Corporation.
[    0.907965] Fusion MPT base driver 3.04.20
[    0.908527] Copyright (c) 1999-2008 LSI Corporation
[    0.921683] AVX2 version of gcm_enc/dec engaged.
[    0.922263] AES CTR mode by8 optimization enabled
[    0.923167] Fusion MPT SPI Host driver 3.04.20
[    1.114969] input: ImExPS/2 Generic Explorer Mouse as /devices/platform/i8042/serio1/input/input4
[    1.277899] e1000 0000:00:03.0 eth0: (PCI:33MHz:32-bit) 02:88:ee:7d:1c:1b
[    1.279221] e1000 0000:00:03.0 eth0: Intel(R) PRO/1000 Network Connection
[    1.281206] mptbase: ioc0: Initiating bringup
[    1.281980] e1000 0000:00:03.0 enp0s3: renamed from eth0
[    1.376740] ioc0: LSI53C1030 A0: Capabilities={Initiator}
[    1.621783] scsi host2: ioc0: LSI53C1030 A0, FwRev=00000000h, Ports=1, MaxQ=256, IRQ=20
[    1.793667] scsi 2:0:0:0: Direct-Access     VBOX     HARDDISK         1.0  PQ: 0 ANSI: 5
[    2.939952] scsi target2:0:0: Beginning Domain Validation
[    2.943200] scsi target2:0:0: Domain Validation skipping write tests
[    2.945030] scsi target2:0:0: Ending Domain Validation
[    2.945574] scsi target2:0:0: asynchronous
[    2.946160] scsi 2:0:1:0: Direct-Access     VBOX     HARDDISK         1.0  PQ: 0 ANSI: 5
[    3.848864] scsi target2:0:1: Beginning Domain Validation
[    3.852067] random: fast init done
[    3.853217] scsi target2:0:1: Domain Validation skipping write tests
[    3.854283] scsi target2:0:1: Ending Domain Validation
[    3.854745] scsi target2:0:1: asynchronous
[    3.857398] random: systemd-udevd: uninitialized urandom read (16 bytes read)
[    3.858188] random: systemd-udevd: uninitialized urandom read (16 bytes read)
[    3.858883] random: systemd-udevd: uninitialized urandom read (16 bytes read)
[    3.860263] sd 2:0:0:0: Attached scsi generic sg0 type 0
[    3.860936] sd 2:0:0:0: [sda] 83886080 512-byte logical blocks: (42.9 GB/40.0 GiB)
[    3.861145] sd 2:0:1:0: Attached scsi generic sg1 type 0
[    3.862380] sd 2:0:0:0: [sda] Write Protect is off
[    3.863022] sd 2:0:1:0: [sdb] 20480 512-byte logical blocks: (10.5 MB/10.0 MiB)
[    3.863776] sd 2:0:0:0: [sda] Incomplete mode parameter data
[    3.864379] sd 2:0:0:0: [sda] Assuming drive cache: write through
[    3.864974] sd 2:0:1:0: [sdb] Write Protect is off
[    3.865675] sd 2:0:1:0: [sdb] Incomplete mode parameter data
[    3.866268] sd 2:0:1:0: [sdb] Assuming drive cache: write through
[    3.875364]  sda: sda1
[    3.876126] sd 2:0:0:0: [sda] Attached SCSI disk
[    3.876923] sd 2:0:1:0: [sdb] Attached SCSI disk
Begin: Loading essential drivers ... [    5.188436] raid6: sse2x1   gen() 19919 MB/s
[    5.247685] raid6: sse2x1   xor() 15014 MB/s
[    5.300880] raid6: sse2x2   gen() 28528 MB/s
[    5.356879] raid6: sse2x2   xor() 19632 MB/s
[    5.407760] raid6: sse2x4   gen() 29081 MB/s
[    5.463679] raid6: sse2x4   xor() 17827 MB/s
[    5.512426] raid6: avx2x1   gen() 34617 MB/s
[    5.563321] raid6: avx2x1   xor() 24302 MB/s
[    5.609033] raid6: avx2x2   gen() 49058 MB/s
[    5.660885] raid6: avx2x2   xor() 34411 MB/s
[    5.715556] raid6: avx2x4   gen() 52214 MB/s
[    5.767827] raid6: avx2x4   xor() 28172 MB/s
[    5.768349] raid6: using algorithm avx2x4 gen() 52214 MB/s
[    5.768830] raid6: .... xor() 28172 MB/s, rmw enabled
[    5.769306] raid6: using avx2x2 recovery algorithm
[    5.770536] xor: automatically using best checksumming function   avx       
[    5.771844] async_tx: api initialized (async)
done.
Begin: Running /scripts/init-premount ... done.
Begin: Mounting root file system ... Begin: Running /scripts/local-top ... done.
Begin: Running /scripts/local-premount ... [    5.799692] Btrfs loaded, crc32c=crc32c-intel
Scanning for Btrfs filesystems
done.
Warning: fsck not present, so skipping root file system
[    5.823349] EXT4-fs (sda1): mounted filesystem with ordered data mode. Opts: (null)
done.
Begin: Running /scripts/local-bottom ... done.
Begin: Running /scripts/init-bottom ... done.
[    5.950904] ip_tables: (C) 2000-2006 Netfilter Core Team
[    5.956483] systemd[1]: systemd 237 running in system mode. (+PAM +AUDIT +SELINUX +IMA +APPARMOR +SMACK +SYSVINIT +UTMP +LIBCRYPTSETUP +GCRYPT +GNUTLS +ACL +XZ +LZ4 +SECCOMP +BLKID +ELFUTILS +KMOD -IDN2 +IDN -PCRE2 default-hierarchy=hybrid)
[    5.958643] systemd[1]: Detected virtualization oracle.
[    5.959187] systemd[1]: Detected architecture x86-64.

Welcome to [1mUbuntu 18.04.6 LTS[0m!

[    5.962899] systemd[1]: Set hostname to <ubuntu>.
[    5.964854] systemd[1]: Initializing machine ID from random generator.
[    5.965601] systemd[1]: Installed transient /etc/machine-id file.
[    6.145333] systemd[1]: Reached target Swap.
[[0;32m  OK  [0m] Reached target Swap.
[    6.146261] systemd[1]: Started Forward Password Requests to Wall Directory Watch.
[[0;32m  OK  [0m] Started Forward Password Requests to Wall Directory Watch.
[    6.148472] systemd[1]: Created slice User and Session Slice.
[[0;32m  OK  [0m] Created slice User and Session Slice.
[    6.149537] systemd[1]: Set up automount Arbitrary Executable File Formats File System Automount Point.
[[0;32m  OK  [0m] Set up automount Arbitrary Executab…rmats File System Automount Point.
[[0;32m  OK  [0m] Reached target User and Group Name Lookups.
[[0;32m  OK  [0m] Created slice System Slice.
[[0;32m  OK  [0m] Listening on LVM2 metadata daemon socket.
[[0;32m  OK  [0m] Listening on Journal Socket.
[[0;32m  OK  [0m] Listening on Journal Audit Socket.
         Starting Create list of required st…ce nodes for the current kernel...
[[0;32m  OK  [0m] Reached target Slices.
         Mounting Kernel Debug File System...
         Starting Load Kernel Modules...
         Mounting Huge Pages File System...
[[0;32m  OK  [0m] Listening on Device-mapper event daemon FIFOs.
[[0;32m  OK  [0m] Listening on fsck to fsckd communication Socket.
         Starting File System Check on Root Device...
[[0;32m  OK  [0m] Listening on udev Control Socket.
         Starting Uncomplicated firewall...
[[0;32m  OK  [0m] Listening on LVM2 poll daemon socket.
         Mounting POSIX Message Queue File System...
[[0;32m  OK  [0m] Listening on udev Kernel Socket.
[[0;32m  OK  [0m] Created slice system-serial\x2dgetty.slice.
         Starting Set the console keyboard layout...
[[0;32m  OK  [0m] Listening on Syslog Socket.
         Starting Monitoring of LVM2 mirrors…ng dmeventd or progress polling...
[[0;32m  OK  [0m] Listening on /dev/initctl Compatibility Named Pipe.
[[0;32m  OK  [0m] Reached target System Time Synchronized.
         Starting udev Coldplug all Devices...
[[0;32m  OK  [0m] Listening on Network Service Netlink Socket.
[    6.172900] Loading iSCSI transport class v2.0-870.
[[0;32m  OK  [0m] Listening on Journal Socket (/dev/log).
         Starting Journal Service...
[[0;32m  OK  [0m] Started Create list of required sta…vice nodes for the current kernel.
[    6.234194] iscsi: registered transport (tcp)
[[0;32m  OK  [0m] Mounted Kernel Debug File System.
[[0;32m  OK  [0m] Mounted Huge Pages File System.
[[0;32m  OK  [0m] Started Uncomplicated firewall.
[[0;32m  OK  [0m] Mounted POSIX Message Queue File System.
[[0;32m  OK  [0m] Started File System Check Daemon to report status.
[[0;32m  OK  [0m] Started LVM2 metadata daemon.
         Starting Create Static Device Nodes in /dev...
[[0;32m  OK  [0m] Started udev Coldplug all Devices.
[[0;32m  OK  [0m] Started Journal Service.
[[0;32m  OK  [0m] Started Create Static Device Nodes in /dev.
[[0;32m  OK  [0m] Started File System Check on Root Device.
         Starting Remount Root and Kernel File Systems...
[    6.308653] iscsi: registered transport (iser)
[[0;32m  OK  [0m] Started Load Kernel Modules.
         Mounting FUSE Control File System...
         Starting Apply Kernel Variables...
         Mounting Kernel Configuration File System...
[[0;32m  OK  [0m] Mounted FUSE Control File System.
[[0;32m  OK  [0m] Mounted Kernel Configuration File System.
[[0;32m  OK  [0m] Started Monitoring of LVM2 mirrors,…sing dmeventd or progress polling.
[[0;32m  OK  [0m] Started Remount Root and Kernel File Systems.
         Starting Flush Journal to Persistent Storage...
         Starting udev Kernel Device Manager...
         Starting Load/Save Random Seed...
[[0;32m  OK  [0m] Started Apply Kernel Variables.
[[0;32m  OK  [0m] Started udev Kernel Device Manager.
[[0;32m  OK  [0m] Started Load/Save Random Seed.
[[0;32m  OK  [0m] Started Flush Journal to Persistent Storage.
[[0;32m  OK  [0m] Found device /dev/ttyS0.
[[0;32m  OK  [0m] Listening on Load/Save RF Kill Switch Status /dev/rfkill Watch.
[[0;32m  OK  [0m] Started Set the console keyboard layout.
[[0;32m  OK  [0m] Started Dispatch Password Requests to Console Directory Watch.
[[0;32m  OK  [0m] Reached target Local Encrypted Volumes.
[[0;32m  OK  [0m] Reached target Local File Systems (Pre).
[[0;32m  OK  [0m] Reached target Local File Systems.
         Starting AppArmor initialization...
         Starting Commit a transient machine-id on disk...
         Starting Set console font and keymap...
         Starting ebtables ruleset management...
         Starting Tell Plymouth To Write Out Runtime Data...
         Starting Create Volatile Files and Directories...
[[0;32m  OK  [0m] Started Set console font and keymap.
[[0;32m  OK  [0m] Started Tell Plymouth To Write Out Runtime Data.
[[0;32m  OK  [0m] Started Create Volatile Files and Directories.
         Starting Update UTMP about System Boot/Shutdown...
[[0;32m  OK  [0m] Started Update UTMP about System Boot/Shutdown.
[[0;32m  OK  [0m] Started Commit a transient machine-id on disk.
[[0;32m  OK  [0m] Started ebtables ruleset management.
[[0;32m  OK  [0m] Started AppArmor initialization.
         Starting Load AppArmor profiles managed internally by snapd...
         Starting Initial cloud-init job (pre-networking)...
[[0;32m  OK  [0m] Started Load AppArmor profiles managed internally by snapd.
[    8.031369] cloud-init[696]: Cloud-init v. 22.2-0ubuntu1~18.04.3 running 'init-local' at Tue, 12 Jul 2022 04:51:48 +0000. Up 7.83 seconds.
[[0;32m  OK  [0m] Started Initial cloud-init job (pre-networking).
[[0;32m  OK  [0m] Reached target Network (Pre).
         Starting Network Service...
[[0;32m  OK  [0m] Started Network Service.
         Starting Wait for Network to be Configured...
         Starting Network Name Resolution...
[[0;32m  OK  [0m] Started Network Name Resolution.
[[0;32m  OK  [0m] Reached target Network.
[[0;32m  OK  [0m] Reached target Host and Network Name Lookups.
[[0;32m  OK  [0m] Started Wait for Network to be Configured.
         Starting Initial cloud-init job (metadata service crawler)...
[   10.206858] cloud-init[825]: Cloud-init v. 22.2-0ubuntu1~18.04.3 running 'init' at Tue, 12 Jul 2022 04:51:51 +0000. Up 10.12 seconds.
[   10.208576] cloud-init[825]: ci-info: ++++++++++++++++++++++++++++++++++++++Net device info++++++++++++++++++++++++++++++++++++++
[   10.209926] cloud-init[825]: ci-info: +--------+------+----------------------------+---------------+--------+-------------------+
[   10.210894] cloud-init[825]: ci-info: | Device |  Up  |          Address           |      Mask     | Scope  |     Hw-Address    |
[   10.212102] cloud-init[825]: ci-info: +--------+------+----------------------------+---------------+--------+-------------------+
[   10.213195] cloud-init[825]: ci-info: | enp0s3 | True |         10.0.2.15          | 255.255.255.0 | global | 02:88:ee:7d:1c:1b |
[   10.214323] cloud-init[825]: ci-info: | enp0s3 | True | fe80::88:eeff:fe7d:1c1b/64 |       .       |  link  | 02:88:ee:7d:1c:1b |
[   10.215404] cloud-init[825]: ci-info: |   lo   | True |         127.0.0.1          |   255.0.0.0   |  host  |         .         |
[   10.216557] cloud-init[825]: ci-info: |   lo   | True |          ::1/128           |       .       |  host  |         .         |
[   10.217713] cloud-init[825]: ci-info: +--------+------+----------------------------+---------------+--------+-------------------+
[   10.218695] cloud-init[825]: ci-info: ++++++++++++++++++++++++++++Route IPv4 info+++++++++++++++++++++++++++++
[   10.219603] cloud-init[825]: ci-info: +-------+-------------+----------+-----------------+-----------+-------+
[   10.220654] cloud-init[825]: ci-info: | Route | Destination | Gateway  |     Genmask     | Interface | Flags |
[   10.222057] cloud-init[825]: ci-info: +-------+-------------+----------+-----------------+-----------+-------+
[   10.223415] cloud-init[825]: ci-info: |   0   |   0.0.0.0   | 10.0.2.2 |     0.0.0.0     |   enp0s3  |   UG  |
[   10.224773] cloud-init[825]: ci-info: |   1   |   10.0.2.0  | 0.0.0.0  |  255.255.255.0  |   enp0s3  |   U   |
[   10.225765] cloud-init[825]: ci-info: |   2   |   10.0.2.2  | 0.0.0.0  | 255.255.255.255 |   enp0s3  |   UH  |
[   10.226708] cloud-init[825]: ci-info: +-------+-------------+----------+-----------------+-----------+-------+
[   10.227651] cloud-init[825]: ci-info: +++++++++++++++++++Route IPv6 info+++++++++++++++++++
[   10.228558] cloud-init[825]: ci-info: +-------+-------------+---------+-----------+-------+
[   10.229474] cloud-init[825]: ci-info: | Route | Destination | Gateway | Interface | Flags |
[   10.230292] cloud-init[825]: ci-info: +-------+-------------+---------+-----------+-------+
[   10.231177] cloud-init[825]: ci-info: |   1   |  fe80::/64  |    ::   |   enp0s3  |   U   |
[   10.231973] cloud-init[825]: ci-info: |   3   |    local    |    ::   |   enp0s3  |   U   |
[   10.232915] cloud-init[825]: ci-info: |   4   |   ff00::/8  |    ::   |   enp0s3  |   U   |
[   10.233761] cloud-init[825]: ci-info: +-------+-------------+---------+-----------+-------+
[   10.717273] cloud-init[825]: Generating public/private rsa key pair.
[   10.717847] cloud-init[825]: Your identification has been saved in /etc/ssh/ssh_host_rsa_key.
[   10.718496] cloud-init[825]: Your public key has been saved in /etc/ssh/ssh_host_rsa_key.pub.
[   10.719117] cloud-init[825]: The key fingerprint is:
[   10.719548] cloud-init[825]: SHA256:P4ZCUyQq3yQFPyNwTzHfhAE04QhDdnHTBIiHaSvxPI8 root@ubuntu-bionic
[   10.720223] cloud-init[825]: The key's randomart image is:
[   10.720697] cloud-init[825]: +---[RSA 2048]----+
[   10.721099] cloud-init[825]: | .*+==#B+o.      |
[   10.721508] cloud-init[825]: |..=*oX Boo       |
[   10.721915] cloud-init[825]: | =.o= B o .      |
[   10.722338] cloud-init[825]: |. =o = +         |
[   10.722760] cloud-init[825]: | . +. + S        |
[   10.723223] cloud-init[825]: |  E .. . o       |
[   10.723699] cloud-init[825]: |      . . +      |
[   10.724131] cloud-init[825]: |       . . .     |
[   10.724543] cloud-init[825]: |                 |
[   10.724933] cloud-init[825]: +----[SHA256]-----+
[   10.725354] cloud-init[825]: Generating public/private dsa key pair.
[   10.725880] cloud-init[825]: Your identification has been saved in /etc/ssh/ssh_host_dsa_key.
[   10.726542] cloud-init[825]: Your public key has been saved in /etc/ssh/ssh_host_dsa_key.pub.
[   10.727196] cloud-init[825]: The key fingerprint is:
[   10.727630] cloud-init[825]: SHA256:UikN5emRGW7Fy00tP6AGNbv6V9WS3qM8OYz6N4SbcxM root@ubuntu-bionic
[   10.728352] cloud-init[825]: The key's randomart image is:
[   10.728829] cloud-init[825]: +---[DSA 1024]----+
[   10.729250] cloud-init[825]: |      ..oo+  .   |
[   10.729682] cloud-init[825]: |       =.B.o+ .  |
[   10.730106] cloud-init[825]: |      . %o.= + ..|
[   10.730560] cloud-init[825]: |       = .=.. = o|
[   10.731211] cloud-init[825]: |      . S.. .. = |
[   10.731635] cloud-init[825]: |       . . . Eo..|
[   10.732054] cloud-init[825]: |        .   B.+ .|
[   10.732508] cloud-init[825]: |         . =.%   |
[   10.732940] cloud-init[825]: |         .+o+ =  |
[   10.733355] cloud-init[825]: +----[SHA256]-----+
[   10.733773] cloud-init[825]: Generating public/private ecdsa key pair.
[   10.734301] cloud-init[825]: Your identification has been saved in /etc/ssh/ssh_host_ecdsa_key.
[   10.734982] cloud-init[825]: Your public key has been saved in /etc/ssh/ssh_host_ecdsa_key.pub.
[   10.735643] cloud-init[825]: The key fingerprint is:
[   10.736103] cloud-init[825]: SHA256:TJt5MqhGqJvyKW/FCV/exKovBXhoamfUoOrsWhjKmIA root@ubuntu-bionic
[   10.736786] cloud-init[825]: The key's randomart image is:
[   10.737253] cloud-init[825]: +---[ECDSA 256]---+
[   10.737671] cloud-init[825]: |                 |
[   10.737953] cloud-init[825]: |   .             |
[[0;32m  OK  [0m] Started Initial cloud-init job (metadata service crawler).
[   10.762424] cloud-init[825]: |  .oo  ..        |
[   10.762867] cloud-init[825]: |..=oo..+o+       |
[[0;32m  OK  [0m] Reached target System Initialization.
[[0;32m  OK  [0m] Listening on Open-iSCSI iscsid Socket.
[   10.763910] cloud-init[825]: |Eoo=.=.+S .      |
[[0;32m  OK  [0m] Started Daily Cleanup of Temporary Directories.
[   10.765407] cloud-init[825]: |B* +=.+ .+       |
[[0;32m  OK  [0m] Listening on ACPID Listen Socket.
[   10.766354] cloud-init[825]: |X.+.oo           |
[[0;32m  OK  [0m] Started Ubuntu Advantage Timer for running repeated jobs.
[   10.767375] cloud-init[825]: |o*.oo            |
[   10.767798] cloud-init[825]: [[0;32m  OK  [0m] Started Discard unused blocks once a week.
[[0;32m  OK  [0m] Started Daily apt download activities.
[[0;32m  OK  [0m] Started Daily apt upgrade and clean activities.
|B*+  o.          |
[   10.769726] cloud-init[825]: +----[SHA256]-----+
[   10.770208] cloud-init[825]: Generating public/private ed25519 key pair.
         Starting LXD - unix socket.
[   10.771524] cloud-init[825]: Your identification has been saved in /etc/ssh/ssh_host_ed25519_key.[[0;32m  OK  [0m] Listening on D-Bus System Message Bus Socket.
         Starting Socket activation for snappy daemon.
[[0;32m  OK  [0m] Started Message of the Day.
[[0;32m  OK  [0m] Reached target Timers.
[[0;32m  OK  [0m] Listening on cloud-init hotplug hook socket.

[   10.788188] cloud-init[825]: Your public key has been saved in /etc/ssh/ssh_host_ed25519_key.pub.
[   10.788253] cloud-init[825]: The key fingerprint is:
[[0;32m  OK  [0m] Started ACPI Events Check.[   10.788426] cloud-init[825]: SHA256:STcSBXMeI5j3+q5zQgc0YHAs+rVCqVt13x0/VkeRPjk root@ubuntu-bionic
[   10.789400] cloud-init[825]: The key's randomart image is:
[   10.789742] cloud-init[825]: +--[ED25519 256]--+
[   10.789961] cloud-init[825]: |    .o++=o=    .o|
[   10.790250] cloud-init[825]: |    .o+ +* o   ..|
[   10.790519] cloud-init[825]: |   . o ooo+   ...|
[   10.790813] cloud-init[825]: |  . o o.o+..  .Eo|
[   10.791185] cloud-init[825]: |   + o oS+ . . o=|

[   10.791313] cloud-init[825]: |  . + . o o . .o.|
[   10.791469] cloud-init[825]: |   o . . o    . .|
[   10.791534] cloud-init[825]: |  .     o o      |
[   10.791751] cloud-init[825]: |        .*.      |
[   10.791900] cloud-init[825]: +----[SHA256]-----+
[[0;32m  OK  [0m] Reached target Paths.
[[0;32m  OK  [0m] Listening on UUID daemon activation socket.
[[0;32m  OK  [0m] Reached target Cloud-config availability.
[[0;32m  OK  [0m] Reached target Network is Online.
         Starting Availability of block devices...
[[0;32m  OK  [0m] Reached target Remote File Systems (Pre).
[[0;32m  OK  [0m] Reached target Remote File Systems.
[[0;32m  OK  [0m] Listening on LXD - unix socket.
[[0;32m  OK  [0m] Listening on Socket activation for snappy daemon.
[[0;32m  OK  [0m] Started Availability of block devices.
[[0;32m  OK  [0m] Reached target Sockets.
[[0;32m  OK  [0m] Reached target Basic System.
[[0;32m  OK  [0m] Started FUSE filesystem for LXC.
         Starting Pollinate to seed the pseudo random number generator...
[[0;32m  OK  [0m] Started Deferred execution scheduler.
         Starting LSB: Record successful boot for GRUB...
         Starting Virtualbox guest utils...
         Starting Snap Daemon...
[[0;32m  OK  [0m] Started irqbalance daemon.
         Starting System Logging Service...
         Starting Login Service...
[[0;32m  OK  [0m] Started D-Bus System Message Bus.
[[0;32m  OK  [0m] Started Regular background program processing daemon.
         Starting Dispatcher daemon for systemd-networkd...
         Starting Permit User Sessions...
         Starting LSB: automatic crash report generation...
         Starting Accounts Service...
         Starting LXD - container startup/shutdown...
[[0;32m  OK  [0m] Started System Logging Service.
[[0;32m  OK  [0m] Started Login Service.
[[0;32m  OK  [0m] Started Unattended Upgrades Shutdown.
[[0;32m  OK  [0m] Started Permit User Sessions.
         Starting Hold until boot process finishes up...
         Starting Terminate Plymouth Boot Screen...
[[0;32m  OK  [0m] Started Hold until boot process finishes up.
[[0;32m  OK  [0m] Started Serial Getty on ttyS0.
         Starting Set console scheme...
[[0;32m  OK  [0m] Started Terminate Plymouth Boot Screen.
[[0;32m  OK  [0m] Started Set console scheme.
[[0;32m  OK  [0m] Created slice system-getty.slice.
[[0;32m  OK  [0m] Started Getty on tty1.
[[0;32m  OK  [0m] Reached target Login Prompts.
[[0;32m  OK  [0m] Started LSB: Record successful boot for GRUB.
[[0;32m  OK  [0m] Started LSB: automatic crash report generation.
         Starting Authorization Manager...
[[0;32m  OK  [0m] Started LXD - container startup/shutdown.
[[0;32m  OK  [0m] Started Authorization Manager.
[[0;32m  OK  [0m] Started Accounts Service.
[[0;32m  OK  [0m] Started Virtualbox guest utils.
[[0;32m  OK  [0m] Started Dispatcher daemon for systemd-networkd.
[[0;32m  OK  [0m] Started Snap Daemon.
         Starting Wait until snapd is fully seeded...
         Starting Time & Date Service...
[[0;32m  OK  [0m] Started Time & Date Service.
[[0;32m  OK  [0m] Started Wait until snapd is fully seeded.
         Starting Apply the settings specified in cloud-config...
[   12.619328] cloud-init[1371]: Cloud-init v. 22.2-0ubuntu1~18.04.3 running 'modules:config' at Tue, 12 Jul 2022 04:51:53 +0000. Up 12.39 seconds.
[[0;32m  OK  [0m] Started Apply the settings specified in cloud-config.
[[0;32m  OK  [0m] Started Pollinate to seed the pseudo random number generator.
         Starting OpenBSD Secure Shell server...
[[0;32m  OK  [0m] Started OpenBSD Secure Shell server.
[[0;32m  OK  [0m] Reached target Multi-User System.
[[0;32m  OK  [0m] Reached target Graphical Interface.
         Starting Update UTMP about System Runlevel Changes...
         Starting Execute cloud user/final scripts...
[[0;32m  OK  [0m] Started Update UTMP about System Runlevel Changes.
[[0;32m  OK  [0m] Created slice User Slice of vagrant.
         Starting User Manager for UID 1000...
[[0;32m  OK  [0m] Started Session 1 of user vagrant.
[[0;32m  OK  [0m] Started User Manager for UID 1000.
ci-info: no authorized SSH keys fingerprints found for user ubuntu.
<14>Jul 12 04:51:55 cloud-init: #############################################################
<14>Jul 12 04:51:55 cloud-init: -----BEGIN SSH HOST KEY FINGERPRINTS-----
<14>Jul 12 04:51:55 cloud-init: 1024 SHA256:UikN5emRGW7Fy00tP6AGNbv6V9WS3qM8OYz6N4SbcxM root@ubuntu-bionic (DSA)
<14>Jul 12 04:51:55 cloud-init: 256 SHA256:TJt5MqhGqJvyKW/FCV/exKovBXhoamfUoOrsWhjKmIA root@ubuntu-bionic (ECDSA)
<14>Jul 12 04:51:55 cloud-init: 256 SHA256:STcSBXMeI5j3+q5zQgc0YHAs+rVCqVt13x0/VkeRPjk root@ubuntu-bionic (ED25519)
<14>Jul 12 04:51:55 cloud-init: 2048 SHA256:P4ZCUyQq3yQFPyNwTzHfhAE04QhDdnHTBIiHaSvxPI8 root@ubuntu-bionic (RSA)
<14>Jul 12 04:51:55 cloud-init: -----END SSH HOST KEY FINGERPRINTS-----
<14>Jul 12 04:51:55 cloud-init: #############################################################
-----BEGIN SSH HOST KEY KEYS-----
ecdsa-sha2-nistp256 AAAAE2VjZHNhLXNoYTItbmlzdHAyNTYAAAAIbmlzdHAyNTYAAABBBGqA+iDfS2l4BuIR7PbZK2wtJ8SYbbOxhQRsQ/WCPyTO/W5oxlkoosEZiFRSaPMqkBAPWpzFcJtg/fzRAq562pk= root@ubuntu-bionic
ssh-ed25519 AAAAC3NzaC1lZDI1NTE5AAAAIASTHyhCHo1fRVfYG6VnKCQAv8KelziddMxNOl9bDa+m root@ubuntu-bionic
ssh-rsa AAAAB3NzaC1yc2EAAAADAQABAAABAQDNAnOLOHJetFCOqI1oHi73fiCR7B8wM9+R/13Z2Ods05R+GK4JiZ2pqOfFvQCPXTkUMbhAFE3dbpyRHFgtlSs1Av2rKM1aOy/w6UwmqmxP9Ry7k7OZZCEkiDGfo1zir734WgI7FIkWBlZdPRc5j7Mjwza8vJBjhQQ28hlO4desx5tMJlghKf4ySRRj/ZHO943og5HVXwd01B5Wzs3vJcqixoxYZlhf/KSz11jtIoHu3CTsU2tg/WwtZab3aenYr5oiCmp+VP9+/aRhiKYD+2sbK/td7VmT3G+4M2+pFADlQzLLdCGDqzPSDEu07+qwiCBnPLvik6bhAST3x1QkiH/V root@ubuntu-bionic
-----END SSH HOST KEY KEYS-----
[   14.974873] cloud-init[1448]: Cloud-init v. 22.2-0ubuntu1~18.04.3 running 'modules:final' at Tue, 12 Jul 2022 04:51:55 +0000. Up 14.77 seconds.
[   14.975909] cloud-init[1448]: Cloud-init v. 22.2-0ubuntu1~18.04.3 finished at Tue, 12 Jul 2022 04:51:55 +0000. Datasource DataSourceNoCloud [seed=/dev/sdb][dsmode=net].  Up 14.96 seconds
[[0;32m  OK  [0m] Started Execute cloud user/final scripts.
[[0;32m  OK  [0m] Reached target Cloud-init target.

Ubuntu 18.04.6 LTS ubuntu-bionic ttyS0

ubuntu-bionic login: 